<?xml version="1.0" encoding="UTF-8"?>
<testsuite xmlns:xsi="http://www.w3.org/2001/XMLSchema-instance" xsi:noNamespaceSchemaLocation="https://maven.apache.org/surefire/maven-surefire-plugin/xsd/surefire-test-report-3.0.xsd" version="3.0" name="TestSuite" time="85.544" tests="56" errors="0" skipped="0" failures="0">
  <properties>
    <property name="java.specification.version" value="21"/>
    <property name="sun.cpu.isalist" value="amd64"/>
    <property name="sun.jnu.encoding" value="Cp1251"/>
    <property name="java.class.path" value="D:\Auto\Automation_SVE\target\test-classes;D:\Auto\Automation_SVE\target\classes;C:\Users\a.garkusha\.m2\repository\io\github\bonigarcia\webdrivermanager\6.1.0\webdrivermanager-6.1.0.jar;C:\Users\a.garkusha\.m2\repository\com\google\code\gson\gson\2.13.0\gson-2.13.0.jar;C:\Users\a.garkusha\.m2\repository\com\google\errorprone\error_prone_annotations\2.37.0\error_prone_annotations-2.37.0.jar;C:\Users\a.garkusha\.m2\repository\com\github\docker-java\docker-java\3.5.0\docker-java-3.5.0.jar;C:\Users\a.garkusha\.m2\repository\com\github\docker-java\docker-java-core\3.5.0\docker-java-core-3.5.0.jar;C:\Users\a.garkusha\.m2\repository\com\github\docker-java\docker-java-api\3.5.0\docker-java-api-3.5.0.jar;C:\Users\a.garkusha\.m2\repository\com\fasterxml\jackson\core\jackson-annotations\2.18.3\jackson-annotations-2.18.3.jar;C:\Users\a.garkusha\.m2\repository\com\fasterxml\jackson\core\jackson-databind\2.18.3\jackson-databind-2.18.3.jar;C:\Users\a.garkusha\.m2\repository\com\fasterxml\jackson\core\jackson-core\2.18.3\jackson-core-2.18.3.jar;C:\Users\a.garkusha\.m2\repository\org\slf4j\jcl-over-slf4j\1.7.30\jcl-over-slf4j-1.7.30.jar;C:\Users\a.garkusha\.m2\repository\com\github\docker-java\docker-java-transport-httpclient5\3.5.0\docker-java-transport-httpclient5-3.5.0.jar;C:\Users\a.garkusha\.m2\repository\com\github\docker-java\docker-java-transport\3.5.0\docker-java-transport-3.5.0.jar;C:\Users\a.garkusha\.m2\repository\net\java\dev\jna\jna\5.17.0\jna-5.17.0.jar;C:\Users\a.garkusha\.m2\repository\org\brotli\dec\0.1.2\dec-0.1.2.jar;C:\Users\a.garkusha\.m2\repository\org\apache\commons\commons-lang3\3.17.0\commons-lang3-3.17.0.jar;C:\Users\a.garkusha\.m2\repository\org\apache\commons\commons-compress\1.27.1\commons-compress-1.27.1.jar;C:\Users\a.garkusha\.m2\repository\commons-codec\commons-codec\1.17.1\commons-codec-1.17.1.jar;C:\Users\a.garkusha\.m2\repository\commons-io\commons-io\2.16.1\commons-io-2.16.1.jar;C:\Users\a.garkusha\.m2\repository\org\apache\httpcomponents\client5\httpclient5\5.4.3\httpclient5-5.4.3.jar;C:\Users\a.garkusha\.m2\repository\org\apache\httpcomponents\core5\httpcore5\5.3.4\httpcore5-5.3.4.jar;C:\Users\a.garkusha\.m2\repository\org\apache\httpcomponents\core5\httpcore5-h2\5.3.4\httpcore5-h2-5.3.4.jar;C:\Users\a.garkusha\.m2\repository\net\java\dev\jna\jna-platform\5.13.0\jna-platform-5.13.0.jar;C:\Users\a.garkusha\.m2\repository\org\seleniumhq\selenium\selenium-java\4.33.0\selenium-java-4.33.0.jar;C:\Users\a.garkusha\.m2\repository\org\seleniumhq\selenium\selenium-api\4.33.0\selenium-api-4.33.0.jar;C:\Users\a.garkusha\.m2\repository\org\jspecify\jspecify\1.0.0\jspecify-1.0.0.jar;C:\Users\a.garkusha\.m2\repository\org\seleniumhq\selenium\selenium-chrome-driver\4.33.0\selenium-chrome-driver-4.33.0.jar;C:\Users\a.garkusha\.m2\repository\com\google\auto\service\auto-service-annotations\1.1.1\auto-service-annotations-1.1.1.jar;C:\Users\a.garkusha\.m2\repository\org\seleniumhq\selenium\selenium-chromium-driver\4.33.0\selenium-chromium-driver-4.33.0.jar;C:\Users\a.garkusha\.m2\repository\org\seleniumhq\selenium\selenium-json\4.33.0\selenium-json-4.33.0.jar;C:\Users\a.garkusha\.m2\repository\org\seleniumhq\selenium\selenium-manager\4.33.0\selenium-manager-4.33.0.jar;C:\Users\a.garkusha\.m2\repository\org\seleniumhq\selenium\selenium-devtools-v135\4.33.0\selenium-devtools-v135-4.33.0.jar;C:\Users\a.garkusha\.m2\repository\org\seleniumhq\selenium\selenium-devtools-v136\4.33.0\selenium-devtools-v136-4.33.0.jar;C:\Users\a.garkusha\.m2\repository\org\seleniumhq\selenium\selenium-devtools-v137\4.33.0\selenium-devtools-v137-4.33.0.jar;C:\Users\a.garkusha\.m2\repository\org\seleniumhq\selenium\selenium-edge-driver\4.33.0\selenium-edge-driver-4.33.0.jar;C:\Users\a.garkusha\.m2\repository\org\seleniumhq\selenium\selenium-firefox-driver\4.33.0\selenium-firefox-driver-4.33.0.jar;C:\Users\a.garkusha\.m2\repository\org\seleniumhq\selenium\selenium-http\4.33.0\selenium-http-4.33.0.jar;C:\Users\a.garkusha\.m2\repository\org\seleniumhq\selenium\selenium-ie-driver\4.33.0\selenium-ie-driver-4.33.0.jar;C:\Users\a.garkusha\.m2\repository\org\seleniumhq\selenium\selenium-remote-driver\4.33.0\selenium-remote-driver-4.33.0.jar;C:\Users\a.garkusha\.m2\repository\com\google\guava\guava\33.4.8-jre\guava-33.4.8-jre.jar;C:\Users\a.garkusha\.m2\repository\com\google\guava\failureaccess\1.0.3\failureaccess-1.0.3.jar;C:\Users\a.garkusha\.m2\repository\com\google\guava\listenablefuture\9999.0-empty-to-avoid-conflict-with-guava\listenablefuture-9999.0-empty-to-avoid-conflict-with-guava.jar;C:\Users\a.garkusha\.m2\repository\com\google\j2objc\j2objc-annotations\3.0.0\j2objc-annotations-3.0.0.jar;C:\Users\a.garkusha\.m2\repository\io\opentelemetry\opentelemetry-api\1.50.0\opentelemetry-api-1.50.0.jar;C:\Users\a.garkusha\.m2\repository\io\opentelemetry\opentelemetry-context\1.50.0\opentelemetry-context-1.50.0.jar;C:\Users\a.garkusha\.m2\repository\io\opentelemetry\opentelemetry-exporter-logging\1.50.0\opentelemetry-exporter-logging-1.50.0.jar;C:\Users\a.garkusha\.m2\repository\io\opentelemetry\opentelemetry-sdk-common\1.50.0\opentelemetry-sdk-common-1.50.0.jar;C:\Users\a.garkusha\.m2\repository\io\opentelemetry\opentelemetry-sdk-extension-autoconfigure-spi\1.50.0\opentelemetry-sdk-extension-autoconfigure-spi-1.50.0.jar;C:\Users\a.garkusha\.m2\repository\io\opentelemetry\opentelemetry-sdk-extension-autoconfigure\1.50.0\opentelemetry-sdk-extension-autoconfigure-1.50.0.jar;C:\Users\a.garkusha\.m2\repository\io\opentelemetry\opentelemetry-sdk-trace\1.50.0\opentelemetry-sdk-trace-1.50.0.jar;C:\Users\a.garkusha\.m2\repository\io\opentelemetry\opentelemetry-sdk\1.50.0\opentelemetry-sdk-1.50.0.jar;C:\Users\a.garkusha\.m2\repository\io\opentelemetry\opentelemetry-sdk-metrics\1.50.0\opentelemetry-sdk-metrics-1.50.0.jar;C:\Users\a.garkusha\.m2\repository\io\opentelemetry\opentelemetry-sdk-logs\1.50.0\opentelemetry-sdk-logs-1.50.0.jar;C:\Users\a.garkusha\.m2\repository\net\bytebuddy\byte-buddy\1.17.5\byte-buddy-1.17.5.jar;C:\Users\a.garkusha\.m2\repository\org\seleniumhq\selenium\selenium-os\4.33.0\selenium-os-4.33.0.jar;C:\Users\a.garkusha\.m2\repository\org\seleniumhq\selenium\selenium-safari-driver\4.33.0\selenium-safari-driver-4.33.0.jar;C:\Users\a.garkusha\.m2\repository\org\seleniumhq\selenium\selenium-support\4.33.0\selenium-support-4.33.0.jar;C:\Users\a.garkusha\.m2\repository\org\testng\testng\7.9.0\testng-7.9.0.jar;C:\Users\a.garkusha\.m2\repository\com\beust\jcommander\1.82\jcommander-1.82.jar;C:\Users\a.garkusha\.m2\repository\org\webjars\jquery\3.7.1\jquery-3.7.1.jar;C:\Users\a.garkusha\.m2\repository\org\projectlombok\lombok\1.18.30\lombok-1.18.30.jar;C:\Users\a.garkusha\.m2\repository\org\slf4j\slf4j-api\2.0.16\slf4j-api-2.0.16.jar;C:\Users\a.garkusha\.m2\repository\org\slf4j\slf4j-simple\2.0.16\slf4j-simple-2.0.16.jar;C:\Users\a.garkusha\.m2\repository\io\qameta\allure\allure-testng\2.29.1\allure-testng-2.29.1.jar;C:\Users\a.garkusha\.m2\repository\io\qameta\allure\allure-java-commons\2.29.1\allure-java-commons-2.29.1.jar;C:\Users\a.garkusha\.m2\repository\io\qameta\allure\allure-model\2.29.1\allure-model-2.29.1.jar;C:\Users\a.garkusha\.m2\repository\io\qameta\allure\allure-test-filter\2.29.1\allure-test-filter-2.29.1.jar;C:\Users\a.garkusha\.m2\repository\org\apache\commons\commons-exec\1.4.0\commons-exec-1.4.0.jar;"/>
    <property name="java.vm.vendor" value="Oracle Corporation"/>
    <property name="sun.arch.data.model" value="64"/>
    <property name="user.variant" value=""/>
    <property name="java.vendor.url" value="https://java.oracle.com/"/>
    <property name="user.timezone" value="Europe/Moscow"/>
    <property name="os.name" value="Windows 10"/>
    <property name="java.vm.specification.version" value="21"/>
    <property name="sun.java.launcher" value="SUN_STANDARD"/>
    <property name="user.country" value="RU"/>
    <property name="sun.boot.library.path" value="C:\Program Files\Java\jdk-21\bin"/>
    <property name="sun.java.command" value="C:\Users\a.garkusha\AppData\Local\Temp\surefire15370133473442848650\surefirebooter-20250616111619905_3.jar C:\Users\a.garkusha\AppData\Local\Temp\surefire15370133473442848650 2025-06-16T11-16-19_823-jvmRun1 surefire-20250616111619905_1tmp surefire_0-20250616111619905_2tmp"/>
    <property name="jdk.debug" value="release"/>
    <property name="surefire.test.class.path" value="D:\Auto\Automation_SVE\target\test-classes;D:\Auto\Automation_SVE\target\classes;C:\Users\a.garkusha\.m2\repository\io\github\bonigarcia\webdrivermanager\6.1.0\webdrivermanager-6.1.0.jar;C:\Users\a.garkusha\.m2\repository\com\google\code\gson\gson\2.13.0\gson-2.13.0.jar;C:\Users\a.garkusha\.m2\repository\com\google\errorprone\error_prone_annotations\2.37.0\error_prone_annotations-2.37.0.jar;C:\Users\a.garkusha\.m2\repository\com\github\docker-java\docker-java\3.5.0\docker-java-3.5.0.jar;C:\Users\a.garkusha\.m2\repository\com\github\docker-java\docker-java-core\3.5.0\docker-java-core-3.5.0.jar;C:\Users\a.garkusha\.m2\repository\com\github\docker-java\docker-java-api\3.5.0\docker-java-api-3.5.0.jar;C:\Users\a.garkusha\.m2\repository\com\fasterxml\jackson\core\jackson-annotations\2.18.3\jackson-annotations-2.18.3.jar;C:\Users\a.garkusha\.m2\repository\com\fasterxml\jackson\core\jackson-databind\2.18.3\jackson-databind-2.18.3.jar;C:\Users\a.garkusha\.m2\repository\com\fasterxml\jackson\core\jackson-core\2.18.3\jackson-core-2.18.3.jar;C:\Users\a.garkusha\.m2\repository\org\slf4j\jcl-over-slf4j\1.7.30\jcl-over-slf4j-1.7.30.jar;C:\Users\a.garkusha\.m2\repository\com\github\docker-java\docker-java-transport-httpclient5\3.5.0\docker-java-transport-httpclient5-3.5.0.jar;C:\Users\a.garkusha\.m2\repository\com\github\docker-java\docker-java-transport\3.5.0\docker-java-transport-3.5.0.jar;C:\Users\a.garkusha\.m2\repository\net\java\dev\jna\jna\5.17.0\jna-5.17.0.jar;C:\Users\a.garkusha\.m2\repository\org\brotli\dec\0.1.2\dec-0.1.2.jar;C:\Users\a.garkusha\.m2\repository\org\apache\commons\commons-lang3\3.17.0\commons-lang3-3.17.0.jar;C:\Users\a.garkusha\.m2\repository\org\apache\commons\commons-compress\1.27.1\commons-compress-1.27.1.jar;C:\Users\a.garkusha\.m2\repository\commons-codec\commons-codec\1.17.1\commons-codec-1.17.1.jar;C:\Users\a.garkusha\.m2\repository\commons-io\commons-io\2.16.1\commons-io-2.16.1.jar;C:\Users\a.garkusha\.m2\repository\org\apache\httpcomponents\client5\httpclient5\5.4.3\httpclient5-5.4.3.jar;C:\Users\a.garkusha\.m2\repository\org\apache\httpcomponents\core5\httpcore5\5.3.4\httpcore5-5.3.4.jar;C:\Users\a.garkusha\.m2\repository\org\apache\httpcomponents\core5\httpcore5-h2\5.3.4\httpcore5-h2-5.3.4.jar;C:\Users\a.garkusha\.m2\repository\net\java\dev\jna\jna-platform\5.13.0\jna-platform-5.13.0.jar;C:\Users\a.garkusha\.m2\repository\org\seleniumhq\selenium\selenium-java\4.33.0\selenium-java-4.33.0.jar;C:\Users\a.garkusha\.m2\repository\org\seleniumhq\selenium\selenium-api\4.33.0\selenium-api-4.33.0.jar;C:\Users\a.garkusha\.m2\repository\org\jspecify\jspecify\1.0.0\jspecify-1.0.0.jar;C:\Users\a.garkusha\.m2\repository\org\seleniumhq\selenium\selenium-chrome-driver\4.33.0\selenium-chrome-driver-4.33.0.jar;C:\Users\a.garkusha\.m2\repository\com\google\auto\service\auto-service-annotations\1.1.1\auto-service-annotations-1.1.1.jar;C:\Users\a.garkusha\.m2\repository\org\seleniumhq\selenium\selenium-chromium-driver\4.33.0\selenium-chromium-driver-4.33.0.jar;C:\Users\a.garkusha\.m2\repository\org\seleniumhq\selenium\selenium-json\4.33.0\selenium-json-4.33.0.jar;C:\Users\a.garkusha\.m2\repository\org\seleniumhq\selenium\selenium-manager\4.33.0\selenium-manager-4.33.0.jar;C:\Users\a.garkusha\.m2\repository\org\seleniumhq\selenium\selenium-devtools-v135\4.33.0\selenium-devtools-v135-4.33.0.jar;C:\Users\a.garkusha\.m2\repository\org\seleniumhq\selenium\selenium-devtools-v136\4.33.0\selenium-devtools-v136-4.33.0.jar;C:\Users\a.garkusha\.m2\repository\org\seleniumhq\selenium\selenium-devtools-v137\4.33.0\selenium-devtools-v137-4.33.0.jar;C:\Users\a.garkusha\.m2\repository\org\seleniumhq\selenium\selenium-edge-driver\4.33.0\selenium-edge-driver-4.33.0.jar;C:\Users\a.garkusha\.m2\repository\org\seleniumhq\selenium\selenium-firefox-driver\4.33.0\selenium-firefox-driver-4.33.0.jar;C:\Users\a.garkusha\.m2\repository\org\seleniumhq\selenium\selenium-http\4.33.0\selenium-http-4.33.0.jar;C:\Users\a.garkusha\.m2\repository\org\seleniumhq\selenium\selenium-ie-driver\4.33.0\selenium-ie-driver-4.33.0.jar;C:\Users\a.garkusha\.m2\repository\org\seleniumhq\selenium\selenium-remote-driver\4.33.0\selenium-remote-driver-4.33.0.jar;C:\Users\a.garkusha\.m2\repository\com\google\guava\guava\33.4.8-jre\guava-33.4.8-jre.jar;C:\Users\a.garkusha\.m2\repository\com\google\guava\failureaccess\1.0.3\failureaccess-1.0.3.jar;C:\Users\a.garkusha\.m2\repository\com\google\guava\listenablefuture\9999.0-empty-to-avoid-conflict-with-guava\listenablefuture-9999.0-empty-to-avoid-conflict-with-guava.jar;C:\Users\a.garkusha\.m2\repository\com\google\j2objc\j2objc-annotations\3.0.0\j2objc-annotations-3.0.0.jar;C:\Users\a.garkusha\.m2\repository\io\opentelemetry\opentelemetry-api\1.50.0\opentelemetry-api-1.50.0.jar;C:\Users\a.garkusha\.m2\repository\io\opentelemetry\opentelemetry-context\1.50.0\opentelemetry-context-1.50.0.jar;C:\Users\a.garkusha\.m2\repository\io\opentelemetry\opentelemetry-exporter-logging\1.50.0\opentelemetry-exporter-logging-1.50.0.jar;C:\Users\a.garkusha\.m2\repository\io\opentelemetry\opentelemetry-sdk-common\1.50.0\opentelemetry-sdk-common-1.50.0.jar;C:\Users\a.garkusha\.m2\repository\io\opentelemetry\opentelemetry-sdk-extension-autoconfigure-spi\1.50.0\opentelemetry-sdk-extension-autoconfigure-spi-1.50.0.jar;C:\Users\a.garkusha\.m2\repository\io\opentelemetry\opentelemetry-sdk-extension-autoconfigure\1.50.0\opentelemetry-sdk-extension-autoconfigure-1.50.0.jar;C:\Users\a.garkusha\.m2\repository\io\opentelemetry\opentelemetry-sdk-trace\1.50.0\opentelemetry-sdk-trace-1.50.0.jar;C:\Users\a.garkusha\.m2\repository\io\opentelemetry\opentelemetry-sdk\1.50.0\opentelemetry-sdk-1.50.0.jar;C:\Users\a.garkusha\.m2\repository\io\opentelemetry\opentelemetry-sdk-metrics\1.50.0\opentelemetry-sdk-metrics-1.50.0.jar;C:\Users\a.garkusha\.m2\repository\io\opentelemetry\opentelemetry-sdk-logs\1.50.0\opentelemetry-sdk-logs-1.50.0.jar;C:\Users\a.garkusha\.m2\repository\net\bytebuddy\byte-buddy\1.17.5\byte-buddy-1.17.5.jar;C:\Users\a.garkusha\.m2\repository\org\seleniumhq\selenium\selenium-os\4.33.0\selenium-os-4.33.0.jar;C:\Users\a.garkusha\.m2\repository\org\seleniumhq\selenium\selenium-safari-driver\4.33.0\selenium-safari-driver-4.33.0.jar;C:\Users\a.garkusha\.m2\repository\org\seleniumhq\selenium\selenium-support\4.33.0\selenium-support-4.33.0.jar;C:\Users\a.garkusha\.m2\repository\org\testng\testng\7.9.0\testng-7.9.0.jar;C:\Users\a.garkusha\.m2\repository\com\beust\jcommander\1.82\jcommander-1.82.jar;C:\Users\a.garkusha\.m2\repository\org\webjars\jquery\3.7.1\jquery-3.7.1.jar;C:\Users\a.garkusha\.m2\repository\org\projectlombok\lombok\1.18.30\lombok-1.18.30.jar;C:\Users\a.garkusha\.m2\repository\org\slf4j\slf4j-api\2.0.16\slf4j-api-2.0.16.jar;C:\Users\a.garkusha\.m2\repository\org\slf4j\slf4j-simple\2.0.16\slf4j-simple-2.0.16.jar;C:\Users\a.garkusha\.m2\repository\io\qameta\allure\allure-testng\2.29.1\allure-testng-2.29.1.jar;C:\Users\a.garkusha\.m2\repository\io\qameta\allure\allure-java-commons\2.29.1\allure-java-commons-2.29.1.jar;C:\Users\a.garkusha\.m2\repository\io\qameta\allure\allure-model\2.29.1\allure-model-2.29.1.jar;C:\Users\a.garkusha\.m2\repository\io\qameta\allure\allure-test-filter\2.29.1\allure-test-filter-2.29.1.jar;C:\Users\a.garkusha\.m2\repository\org\apache\commons\commons-exec\1.4.0\commons-exec-1.4.0.jar;"/>
    <property name="allure.results.directory" value="target/allure-results"/>
    <property name="sun.cpu.endian" value="little"/>
    <property name="user.home" value="C:\Users\a.garkusha"/>
    <property name="user.language" value="ru"/>
    <property name="java.specification.vendor" value="Oracle Corporation"/>
    <property name="webdriver.chromeDriver.driver" value="D:\chromedriver.exe"/>
    <property name="java.version.date" value="2025-04-15"/>
    <property name="java.home" value="C:\Program Files\Java\jdk-21"/>
    <property name="file.separator" value="\"/>
    <property name="basedir" value="D:\Auto\Automation_SVE"/>
    <property name="java.vm.compressedOopsMode" value="Zero based"/>
    <property name="line.separator" value="&#10;"/>
    <property name="java.vm.specification.vendor" value="Oracle Corporation"/>
    <property name="java.specification.name" value="Java Platform API Specification"/>
    <property name="surefire.real.class.path" value="C:\Users\a.garkusha\AppData\Local\Temp\surefire15370133473442848650\surefirebooter-20250616111619905_3.jar"/>
    <property name="user.script" value=""/>
    <property name="sun.management.compiler" value="HotSpot 64-Bit Tiered Compilers"/>
    <property name="java.runtime.version" value="21.0.7+8-LTS-245"/>
    <property name="user.name" value="a.garkusha"/>
    <property name="stdout.encoding" value="Cp1251"/>
    <property name="path.separator" value=";"/>
    <property name="os.version" value="10.0"/>
    <property name="java.runtime.name" value="Java(TM) SE Runtime Environment"/>
    <property name="file.encoding" value="UTF-8"/>
    <property name="java.vm.name" value="Java HotSpot(TM) 64-Bit Server VM"/>
    <property name="localRepository" value="C:\Users\a.garkusha\.m2\repository"/>
    <property name="java.vendor.url.bug" value="https://bugreport.java.com/bugreport/"/>
    <property name="java.io.tmpdir" value="C:\Users\AE8A3~1.GAR\AppData\Local\Temp\"/>
    <property name="idea.version" value="2025.1.2"/>
    <property name="java.version" value="21.0.7"/>
    <property name="user.dir" value="D:\Auto\Automation_SVE"/>
    <property name="os.arch" value="amd64"/>
    <property name="java.vm.specification.name" value="Java Virtual Machine Specification"/>
    <property name="sun.os.patch.level" value=""/>
    <property name="native.encoding" value="Cp1251"/>
    <property name="java.library.path" value="C:\Program Files\Java\jdk-21\bin;C:\Windows\Sun\Java\bin;C:\Windows\system32;C:\Windows;C:\Program Files\Google\Chrome\Application;C:\Program Files\Common Files\Oracle\Java\javapath;C:\Windows\system32;C:\Windows;C:\Windows\System32\Wbem;C:\Windows\System32\WindowsPowerShell\v1.0\;C:\Windows\System32\OpenSSH\;C:\Users\a.garkusha\scoop\shims;C:\Users\a.garkusha\AppData\Local\Microsoft\WindowsApps;C:\Users\a.garkusha\AppData\Local\Programs\Microsoft VS Code\bin;C:\Users\a.garkusha\AppData\Local\Programs\Gpg4win\..\GnuPG\bin;C:\Users\a.garkusha\AppData\Local\Programs\Git\cmd;."/>
    <property name="java.vm.info" value="mixed mode, sharing"/>
    <property name="stderr.encoding" value="Cp1251"/>
    <property name="java.vendor" value="Oracle Corporation"/>
    <property name="java.vm.version" value="21.0.7+8-LTS-245"/>
    <property name="sun.io.unicode.encoding" value="UnicodeLittle"/>
    <property name="java.class.version" value="65.0"/>
  </properties>
  <testcase name="loadPage" classname="smoke.test.Registration.RegistrationClassic" time="1.757"/>
  <testcase name="auth" classname="smoke.test.Registration.RegistrationClassic" time="0.128"/>
  <testcase name="registrationApplication" classname="smoke.test.Registration.RegistrationClassic" time="1.069"/>
  <testcase name="clearFields" classname="smoke.test.Registration.RegistrationClassic" time="0.364"/>
  <testcase name="step_1" classname="smoke.test.Registration.RegistrationClassic" time="0.424"/>
  <testcase name="step_2" classname="smoke.test.Registration.RegistrationClassic" time="0.823"/>
  <testcase name="step_3" classname="smoke.test.Registration.RegistrationClassic" time="0.889"/>
  <testcase name="step_4" classname="smoke.test.Registration.RegistrationClassic" time="0.731"/>
  <testcase name="step_5" classname="smoke.test.Registration.RegistrationClassic" time="0.712"/>
  <testcase name="step_6" classname="smoke.test.Registration.RegistrationClassic" time="0.769"/>
  <testcase name="step_7" classname="smoke.test.Registration.RegistrationClassic" time="3.151"/>
  <testcase name="step_8" classname="smoke.test.Registration.RegistrationClassic" time="0.653"/>
  <testcase name="loadPage" classname="smoke.test.Registration.RegistrationMandatoryFields" time="3.628"/>
  <testcase name="auth" classname="smoke.test.Registration.RegistrationMandatoryFields" time="0.119"/>
  <testcase name="registrationApplication" classname="smoke.test.Registration.RegistrationMandatoryFields" time="1.063"/>
  <testcase name="clearFieldsStep_1_NotError" classname="smoke.test.Registration.RegistrationMandatoryFields" time="0.354"/>
  <testcase name="hintsOnStep_1" classname="smoke.test.Registration.RegistrationMandatoryFields" time="2.069"/>
  <testcase name="step_1" classname="smoke.test.Registration.RegistrationMandatoryFields" time="0.412"/>
  <testcase name="hintsOnStep_2" classname="smoke.test.Registration.RegistrationMandatoryFields" time="2.62"/>
  <testcase name="step_2" classname="smoke.test.Registration.RegistrationMandatoryFields" time="0.282"/>
  <testcase name="hintsOnStep_3" classname="smoke.test.Registration.RegistrationMandatoryFields" time="2.598"/>
  <testcase name="step_3" classname="smoke.test.Registration.RegistrationMandatoryFields" time="0.362"/>
  <testcase name="hintsOnStep_4" classname="smoke.test.Registration.RegistrationMandatoryFields" time="2.569"/>
  <testcase name="step_4" classname="smoke.test.Registration.RegistrationMandatoryFields" time="0.196"/>
  <testcase name="hintsOnStep_5" classname="smoke.test.Registration.RegistrationMandatoryFields" time="2.582"/>
  <testcase name="step_5" classname="smoke.test.Registration.RegistrationMandatoryFields" time="0.183"/>
  <testcase name="hintsOnStep_6" classname="smoke.test.Registration.RegistrationMandatoryFields" time="4.067"/>
  <testcase name="step_6" classname="smoke.test.Registration.RegistrationMandatoryFields" time="0.245"/>
  <testcase name="hintsOnStep_7" classname="smoke.test.Registration.RegistrationMandatoryFields" time="2.749"/>
  <testcase name="step_7" classname="smoke.test.Registration.RegistrationMandatoryFields" time="0.662"/>
  <testcase name="hintsOnStep_8" classname="smoke.test.Registration.RegistrationMandatoryFields" time="2.56"/>
  <testcase name="step_8" classname="smoke.test.Registration.RegistrationMandatoryFields" time="0.121"/>
  <testcase name="loadPage" classname="smoke.test.Registration.RegistrationComparisonFields" time="5.989"/>
  <testcase name="auth" classname="smoke.test.Registration.RegistrationComparisonFields" time="0.111"/>
  <testcase name="registrationApplication" classname="smoke.test.Registration.RegistrationComparisonFields" time="0.955"/>
  <testcase name="clearFields" classname="smoke.test.Registration.RegistrationComparisonFields" time="0.329"/>
  <testcase name="step_1" classname="smoke.test.Registration.RegistrationComparisonFields" time="0.403"/>
  <testcase name="step_2" classname="smoke.test.Registration.RegistrationComparisonFields" time="0.796"/>
  <testcase name="step_3" classname="smoke.test.Registration.RegistrationComparisonFields" time="0.862"/>
  <testcase name="step_4" classname="smoke.test.Registration.RegistrationComparisonFields" time="0.714"/>
  <testcase name="step_5" classname="smoke.test.Registration.RegistrationComparisonFields" time="0.694"/>
  <testcase name="step_6" classname="smoke.test.Registration.RegistrationComparisonFields" time="0.757"/>
  <testcase name="step_7" classname="smoke.test.Registration.RegistrationComparisonFields" time="2.529"/>
  <testcase name="step_8" classname="smoke.test.Registration.RegistrationComparisonFields" time="0.637"/>
  <testcase name="examinationStep_1" classname="smoke.test.Registration.RegistrationComparisonFields" time="5.121"/>
  <testcase name="examinationStep_2" classname="smoke.test.Registration.RegistrationComparisonFields" time="0.056"/>
  <testcase name="examinationStep_3" classname="smoke.test.Registration.RegistrationComparisonFields" time="2.103"/>
  <testcase name="examinationStep_4" classname="smoke.test.Registration.RegistrationComparisonFields" time="2.058"/>
  <testcase name="examinationStep_5" classname="smoke.test.Registration.RegistrationComparisonFields" time="0.01"/>
  <testcase name="examinationStep_6" classname="smoke.test.Registration.RegistrationComparisonFields" time="0.653"/>
  <testcase name="examinationStep_7" classname="smoke.test.Registration.RegistrationComparisonFields" time="5.053"/>
  <testcase name="examinationStep_8" classname="smoke.test.Registration.RegistrationComparisonFields" time="5.072"/>
  <testcase name="loadPage" classname="smoke.test.CheckDuplicateSpecialties" time="3.088"/>
  <testcase name="auth" classname="smoke.test.CheckDuplicateSpecialties" time="0.107"/>
  <testcase name="receptionPlan" classname="smoke.test.CheckDuplicateSpecialties" time="1.008"/>
  <testcase name="addSpecialty" classname="smoke.test.CheckDuplicateSpecialties" time="1.921">
    <system-out><![CDATA[Проверка пройдена, повторное создание организации не доступно
]]></system-out>
  </testcase>
</testsuite>