<?xml version="1.0" encoding="UTF-8"?>
<!-- Generated by org.testng.reporters.JUnitReportReporter -->
<testsuite hostname="DESKTOP-A8CGM4F" failures="0" tests="6" name="smoke.test.Reg" time="112.416" errors="0" timestamp="2025-05-25T15:49:03 MSK" skipped="0">
  <testcase classname="smoke.test.Reg" name="loadPage" time="2.810"/>
  <testcase classname="smoke.test.Reg" name="loadPage" time="2.501"/>
  <testcase classname="smoke.test.Reg" name="loadPage" time="2.994"/>
  <testcase classname="smoke.test.Reg" name="auth" time="34.653"/>
  <testcase classname="smoke.test.Reg" name="auth" time="35.492"/>
  <testcase classname="smoke.test.Reg" name="auth" time="33.966"/>
</testsuite> <!-- smoke.test.Reg -->
