<?xml version="1.0" encoding="UTF-8"?>
<!-- Generated by org.testng.reporters.JUnitReportReporter -->
<testsuite hostname="HW-CIT531-10" failures="0" tests="20" name="smoke.test.Registration.RegistrationComparisonFields" time="34.893" errors="0" timestamp="2025-06-16T11:17:45 MSK" skipped="0">
  <testcase classname="smoke.test.Registration.RegistrationComparisonFields" name="loadPage" time="5.989"/>
  <testcase classname="smoke.test.Registration.RegistrationComparisonFields" name="auth" time="0.110"/>
  <testcase classname="smoke.test.Registration.RegistrationComparisonFields" name="registrationApplication" time="0.955"/>
  <testcase classname="smoke.test.Registration.RegistrationComparisonFields" name="clearFields" time="0.328"/>
  <testcase classname="smoke.test.Registration.RegistrationComparisonFields" name="step_1" time="0.402"/>
  <testcase classname="smoke.test.Registration.RegistrationComparisonFields" name="step_2" time="0.796"/>
  <testcase classname="smoke.test.Registration.RegistrationComparisonFields" name="step_3" time="0.862"/>
  <testcase classname="smoke.test.Registration.RegistrationComparisonFields" name="step_4" time="0.713"/>
  <testcase classname="smoke.test.Registration.RegistrationComparisonFields" name="step_5" time="0.693"/>
  <testcase classname="smoke.test.Registration.RegistrationComparisonFields" name="step_6" time="0.756"/>
  <testcase classname="smoke.test.Registration.RegistrationComparisonFields" name="step_7" time="2.528"/>
  <testcase classname="smoke.test.Registration.RegistrationComparisonFields" name="step_8" time="0.637"/>
  <testcase classname="smoke.test.Registration.RegistrationComparisonFields" name="examinationStep_1" time="5.121"/>
  <testcase classname="smoke.test.Registration.RegistrationComparisonFields" name="examinationStep_2" time="0.055"/>
  <testcase classname="smoke.test.Registration.RegistrationComparisonFields" name="examinationStep_3" time="2.102"/>
  <testcase classname="smoke.test.Registration.RegistrationComparisonFields" name="examinationStep_4" time="2.058"/>
  <testcase classname="smoke.test.Registration.RegistrationComparisonFields" name="examinationStep_5" time="0.010"/>
  <testcase classname="smoke.test.Registration.RegistrationComparisonFields" name="examinationStep_6" time="0.652"/>
  <testcase classname="smoke.test.Registration.RegistrationComparisonFields" name="examinationStep_7" time="5.054"/>
  <testcase classname="smoke.test.Registration.RegistrationComparisonFields" name="examinationStep_8" time="5.072"/>
</testsuite> <!-- smoke.test.Registration.RegistrationComparisonFields -->
