<?xml version="1.0" encoding="UTF-8"?>
<!-- Generated by org.testng.reporters.JUnitReportReporter -->
<testsuite hostname="HW-CIT531-10" failures="0" tests="12" name="smoke.test.Registration.RegistrationClassic" time="11.428" errors="0" timestamp="2025-06-16T11:17:45 MSK" skipped="0">
  <testcase classname="smoke.test.Registration.RegistrationClassic" name="loadPage" time="1.721"/>
  <testcase classname="smoke.test.Registration.RegistrationClassic" name="auth" time="0.128"/>
  <testcase classname="smoke.test.Registration.RegistrationClassic" name="registrationApplication" time="1.068"/>
  <testcase classname="smoke.test.Registration.RegistrationClassic" name="clearFields" time="0.364"/>
  <testcase classname="smoke.test.Registration.RegistrationClassic" name="step_1" time="0.423"/>
  <testcase classname="smoke.test.Registration.RegistrationClassic" name="step_2" time="0.822"/>
  <testcase classname="smoke.test.Registration.RegistrationClassic" name="step_3" time="0.888"/>
  <testcase classname="smoke.test.Registration.RegistrationClassic" name="step_4" time="0.731"/>
  <testcase classname="smoke.test.Registration.RegistrationClassic" name="step_5" time="0.711"/>
  <testcase classname="smoke.test.Registration.RegistrationClassic" name="step_6" time="0.769"/>
  <testcase classname="smoke.test.Registration.RegistrationClassic" name="step_7" time="3.151"/>
  <testcase classname="smoke.test.Registration.RegistrationClassic" name="step_8" time="0.652"/>
</testsuite> <!-- smoke.test.Registration.RegistrationClassic -->
