<?xml version="1.0" encoding="UTF-8"?>
<!-- Generated by org.testng.reporters.JUnitReportReporter -->
<testsuite hostname="HW-CIT531-10" failures="0" tests="4" name="smoke.test.CheckDuplicateSpecialties" time="6.116" errors="0" timestamp="2025-06-16T11:17:45 MSK" skipped="0">
  <testcase classname="smoke.test.CheckDuplicateSpecialties" name="loadPage" time="3.086"/>
  <testcase classname="smoke.test.CheckDuplicateSpecialties" name="auth" time="0.106"/>
  <testcase classname="smoke.test.CheckDuplicateSpecialties" name="receptionPlan" time="1.008"/>
  <testcase classname="smoke.test.CheckDuplicateSpecialties" name="addSpecialty" time="1.916"/>
</testsuite> <!-- smoke.test.CheckDuplicateSpecialties -->
