<?xml version="1.0" encoding="UTF-8"?>
<!-- Generated by org.testng.reporters.JUnitReportReporter -->
<testsuite hostname="HW-CIT531-10" failures="0" tests="20" name="smoke.test.Registration.RegistrationMandatoryFields" time="29.428" errors="0" timestamp="2025-06-16T11:17:45 MSK" skipped="0">
  <testcase classname="smoke.test.Registration.RegistrationMandatoryFields" name="loadPage" time="3.628"/>
  <testcase classname="smoke.test.Registration.RegistrationMandatoryFields" name="auth" time="0.118"/>
  <testcase classname="smoke.test.Registration.RegistrationMandatoryFields" name="registrationApplication" time="1.063"/>
  <testcase classname="smoke.test.Registration.RegistrationMandatoryFields" name="clearFieldsStep_1_NotError" time="0.353"/>
  <testcase classname="smoke.test.Registration.RegistrationMandatoryFields" name="hintsOnStep_1" time="2.068"/>
  <testcase classname="smoke.test.Registration.RegistrationMandatoryFields" name="step_1" time="0.412"/>
  <testcase classname="smoke.test.Registration.RegistrationMandatoryFields" name="hintsOnStep_2" time="2.618"/>
  <testcase classname="smoke.test.Registration.RegistrationMandatoryFields" name="step_2" time="0.281"/>
  <testcase classname="smoke.test.Registration.RegistrationMandatoryFields" name="hintsOnStep_3" time="2.598"/>
  <testcase classname="smoke.test.Registration.RegistrationMandatoryFields" name="step_3" time="0.361"/>
  <testcase classname="smoke.test.Registration.RegistrationMandatoryFields" name="hintsOnStep_4" time="2.568"/>
  <testcase classname="smoke.test.Registration.RegistrationMandatoryFields" name="step_4" time="0.195"/>
  <testcase classname="smoke.test.Registration.RegistrationMandatoryFields" name="hintsOnStep_5" time="2.582"/>
  <testcase classname="smoke.test.Registration.RegistrationMandatoryFields" name="step_5" time="0.183"/>
  <testcase classname="smoke.test.Registration.RegistrationMandatoryFields" name="hintsOnStep_6" time="4.067"/>
  <testcase classname="smoke.test.Registration.RegistrationMandatoryFields" name="step_6" time="0.244"/>
  <testcase classname="smoke.test.Registration.RegistrationMandatoryFields" name="hintsOnStep_7" time="2.748"/>
  <testcase classname="smoke.test.Registration.RegistrationMandatoryFields" name="step_7" time="0.662"/>
  <testcase classname="smoke.test.Registration.RegistrationMandatoryFields" name="hintsOnStep_8" time="2.559"/>
  <testcase classname="smoke.test.Registration.RegistrationMandatoryFields" name="step_8" time="0.120"/>
</testsuite> <!-- smoke.test.Registration.RegistrationMandatoryFields -->
